[15-Apr-2026 14:55:29 UTC] PHP Deprecated:  File Theme without sidebar.php is <strong>deprecated</strong> since version 3.0.0 with no alternative available. Please include a sidebar.php template in your theme. in /Users/erpian/Local Sites/powerup/app/public/wp-includes/functions.php on line 6131
[15-Apr-2026 14:55:32 UTC] PHP Deprecated:  File Theme without sidebar.php is <strong>deprecated</strong> since version 3.0.0 with no alternative available. Please include a sidebar.php template in your theme. in /Users/erpian/Local Sites/powerup/app/public/wp-includes/functions.php on line 6131
[15-Apr-2026 17:05:47 UTC] PHP Deprecated:  File Theme without sidebar.php is <strong>deprecated</strong> since version 3.0.0 with no alternative available. Please include a sidebar.php template in your theme. in /Users/erpian/Local Sites/powerup/app/public/wp-includes/functions.php on line 6131
[15-Apr-2026 17:07:27 UTC] PHP Deprecated:  File Theme without sidebar.php is <strong>deprecated</strong> since version 3.0.0 with no alternative available. Please include a sidebar.php template in your theme. in /Users/erpian/Local Sites/powerup/app/public/wp-includes/functions.php on line 6131
[15-Apr-2026 23:58:11 UTC] Automatic updates starting...
[15-Apr-2026 23:58:12 UTC]   Automatic plugin updates starting...
[15-Apr-2026 23:58:12 UTC]   Automatic plugin updates complete.
[15-Apr-2026 23:58:14 UTC] Automatic updates complete.
[16-Apr-2026 03:23:15 UTC] PHP Deprecated:  File Theme without sidebar.php is <strong>deprecated</strong> since version 3.0.0 with no alternative available. Please include a sidebar.php template in your theme. in /Users/erpian/Local Sites/powerup/app/public/wp-includes/functions.php on line 6131
[16-Apr-2026 04:31:38 UTC] PHP Deprecated:  File Theme without sidebar.php is <strong>deprecated</strong> since version 3.0.0 with no alternative available. Please include a sidebar.php template in your theme. in /Users/erpian/Local Sites/powerup/app/public/wp-includes/functions.php on line 6131
[16-Apr-2026 04:32:18 UTC] PHP Deprecated:  File Theme without sidebar.php is <strong>deprecated</strong> since version 3.0.0 with no alternative available. Please include a sidebar.php template in your theme. in /Users/erpian/Local Sites/powerup/app/public/wp-includes/functions.php on line 6131
[16-Apr-2026 04:36:24 UTC] PHP Warning:  mysqli_real_connect(): (HY000/2002): No such file or directory in /Users/erpian/Local Sites/powerup/app/public/wp-includes/class-wpdb.php on line 1994
[16-Apr-2026 06:29:21 UTC] Automatic updates starting...
[16-Apr-2026 06:29:22 UTC]   Automatic plugin updates starting...
[16-Apr-2026 06:29:22 UTC]   Automatic plugin updates complete.
[16-Apr-2026 06:29:23 UTC] Automatic updates complete.
[16-Apr-2026 06:39:45 UTC] PHP Deprecated:  File Theme without sidebar.php is <strong>deprecated</strong> since version 3.0.0 with no alternative available. Please include a sidebar.php template in your theme. in /Users/erpian/Local Sites/powerup/app/public/wp-includes/functions.php on line 6131
[16-Apr-2026 06:42:23 UTC] PHP Deprecated:  File Theme without sidebar.php is <strong>deprecated</strong> since version 3.0.0 with no alternative available. Please include a sidebar.php template in your theme. in /Users/erpian/Local Sites/powerup/app/public/wp-includes/functions.php on line 6131
[16-Apr-2026 06:44:47 UTC] PHP Deprecated:  File Theme without sidebar.php is <strong>deprecated</strong> since version 3.0.0 with no alternative available. Please include a sidebar.php template in your theme. in /Users/erpian/Local Sites/powerup/app/public/wp-includes/functions.php on line 6131
[16-Apr-2026 06:45:34 UTC] PHP Deprecated:  File Theme without sidebar.php is <strong>deprecated</strong> since version 3.0.0 with no alternative available. Please include a sidebar.php template in your theme. in /Users/erpian/Local Sites/powerup/app/public/wp-includes/functions.php on line 6131
[16-Apr-2026 06:54:26 UTC] PHP Deprecated:  File Theme without sidebar.php is <strong>deprecated</strong> since version 3.0.0 with no alternative available. Please include a sidebar.php template in your theme. in /Users/erpian/Local Sites/powerup/app/public/wp-includes/functions.php on line 6131
[16-Apr-2026 07:38:26 UTC] PHP Deprecated:  File Theme without sidebar.php is <strong>deprecated</strong> since version 3.0.0 with no alternative available. Please include a sidebar.php template in your theme. in /Users/erpian/Local Sites/powerup/app/public/wp-includes/functions.php on line 6131
[16-Apr-2026 07:42:23 UTC] PHP Deprecated:  File Theme without sidebar.php is <strong>deprecated</strong> since version 3.0.0 with no alternative available. Please include a sidebar.php template in your theme. in /Users/erpian/Local Sites/powerup/app/public/wp-includes/functions.php on line 6131
[16-Apr-2026 07:43:03 UTC] PHP Deprecated:  File Theme without sidebar.php is <strong>deprecated</strong> since version 3.0.0 with no alternative available. Please include a sidebar.php template in your theme. in /Users/erpian/Local Sites/powerup/app/public/wp-includes/functions.php on line 6131
[16-Apr-2026 07:44:55 UTC] PHP Deprecated:  File Theme without sidebar.php is <strong>deprecated</strong> since version 3.0.0 with no alternative available. Please include a sidebar.php template in your theme. in /Users/erpian/Local Sites/powerup/app/public/wp-includes/functions.php on line 6131
[16-Apr-2026 07:45:15 UTC] PHP Deprecated:  File Theme without sidebar.php is <strong>deprecated</strong> since version 3.0.0 with no alternative available. Please include a sidebar.php template in your theme. in /Users/erpian/Local Sites/powerup/app/public/wp-includes/functions.php on line 6131
[16-Apr-2026 07:45:53 UTC] PHP Deprecated:  File Theme without sidebar.php is <strong>deprecated</strong> since version 3.0.0 with no alternative available. Please include a sidebar.php template in your theme. in /Users/erpian/Local Sites/powerup/app/public/wp-includes/functions.php on line 6131
[16-Apr-2026 08:16:24 UTC] PHP Deprecated:  File Theme without sidebar.php is <strong>deprecated</strong> since version 3.0.0 with no alternative available. Please include a sidebar.php template in your theme. in /Users/erpian/Local Sites/powerup/app/public/wp-includes/functions.php on line 6131
[16-Apr-2026 09:13:33 UTC] PHP Deprecated:  File Theme without sidebar.php is <strong>deprecated</strong> since version 3.0.0 with no alternative available. Please include a sidebar.php template in your theme. in /Users/erpian/Local Sites/powerup/app/public/wp-includes/functions.php on line 6131
[16-Apr-2026 09:18:27 UTC] PHP Deprecated:  File Theme without sidebar.php is <strong>deprecated</strong> since version 3.0.0 with no alternative available. Please include a sidebar.php template in your theme. in /Users/erpian/Local Sites/powerup/app/public/wp-includes/functions.php on line 6131
[16-Apr-2026 09:25:33 UTC] PHP Deprecated:  File Theme without sidebar.php is <strong>deprecated</strong> since version 3.0.0 with no alternative available. Please include a sidebar.php template in your theme. in /Users/erpian/Local Sites/powerup/app/public/wp-includes/functions.php on line 6131
[16-Apr-2026 09:34:12 UTC] PHP Deprecated:  File Theme without sidebar.php is <strong>deprecated</strong> since version 3.0.0 with no alternative available. Please include a sidebar.php template in your theme. in /Users/erpian/Local Sites/powerup/app/public/wp-includes/functions.php on line 6131
[16-Apr-2026 09:37:53 UTC] PHP Deprecated:  File Theme without sidebar.php is <strong>deprecated</strong> since version 3.0.0 with no alternative available. Please include a sidebar.php template in your theme. in /Users/erpian/Local Sites/powerup/app/public/wp-includes/functions.php on line 6131
[16-Apr-2026 09:48:17 UTC] PHP Deprecated:  File Theme without sidebar.php is <strong>deprecated</strong> since version 3.0.0 with no alternative available. Please include a sidebar.php template in your theme. in /Users/erpian/Local Sites/powerup/app/public/wp-includes/functions.php on line 6131
[16-Apr-2026 10:12:28 UTC] PHP Deprecated:  File Theme without sidebar.php is <strong>deprecated</strong> since version 3.0.0 with no alternative available. Please include a sidebar.php template in your theme. in /Users/erpian/Local Sites/powerup/app/public/wp-includes/functions.php on line 6131
[16-Apr-2026 10:13:15 UTC] PHP Deprecated:  File Theme without sidebar.php is <strong>deprecated</strong> since version 3.0.0 with no alternative available. Please include a sidebar.php template in your theme. in /Users/erpian/Local Sites/powerup/app/public/wp-includes/functions.php on line 6131
[16-Apr-2026 10:13:28 UTC] PHP Deprecated:  File Theme without sidebar.php is <strong>deprecated</strong> since version 3.0.0 with no alternative available. Please include a sidebar.php template in your theme. in /Users/erpian/Local Sites/powerup/app/public/wp-includes/functions.php on line 6131
[16-Apr-2026 10:13:44 UTC] PHP Deprecated:  File Theme without sidebar.php is <strong>deprecated</strong> since version 3.0.0 with no alternative available. Please include a sidebar.php template in your theme. in /Users/erpian/Local Sites/powerup/app/public/wp-includes/functions.php on line 6131
[16-Apr-2026 10:24:10 UTC] PHP Deprecated:  File Theme without sidebar.php is <strong>deprecated</strong> since version 3.0.0 with no alternative available. Please include a sidebar.php template in your theme. in /Users/erpian/Local Sites/powerup/app/public/wp-includes/functions.php on line 6131
[16-Apr-2026 10:40:49 UTC] PHP Deprecated:  File Theme without sidebar.php is <strong>deprecated</strong> since version 3.0.0 with no alternative available. Please include a sidebar.php template in your theme. in /Users/erpian/Local Sites/powerup/app/public/wp-includes/functions.php on line 6131
